/CIOPRG YAS
//NAME MOTORGUN
//ATTR SC
//CIOAP SPOT(MOTOR)_1
//$M
30,30,30,0,0,0,0,0,0,0
0,0,0,0,0,0,0,0,0,0
0,0,0,0,0,0,0,0,0,0
0,0,0,0,0,0,0,0,0,0
0,0,0,0,0,0,0,0,0,0
0,0,0,0,0,0,0,0,0,0
0,0,0,0,0,0,0,0,0,0
0,0,0,0,0,0,0,0,0,0
//KEY 0
PART 1
STR #80011
OUT #70025
STR #70025
AND #87014
OR-NOT #70025
OUT #40057
STR #70025
AND #87015
OUT #40042
STR #70025
AND #87016
OUT #40056
STR #70030
AND-NOT #70034
AND #50080
STR #70031
AND #50081
STR #70032
AND-NOT #70036
AND #50082
STR #70033
AND #50083
OR-STR
OR-STR
OR-STR
AND-NOT #50063
OUT #40130
STR #50080
OR #50081
OR #50082
OR #50083
AND #40130
STR #70021
AND-NOT #50076
AND-NOT #50070
OR-STR
OUT #70021
STR #50080
AND-NOT #70021
OUT #70034
STR #50081
AND-NOT #70021
OUT #70035
STR #50082
AND-NOT #70021
OUT #70036
STR #50083
AND-NOT #70021
OUT #70037
STR #50010
OR #50011
OR #50012
OR #50013
OUT #70020
STR #50054
AND #50073
AND-NOT #50014
AND-NOT #70020
OUT #70011
STR #70010
AND #50073
OUT #40044
STR #70024
AND-NOT #87017
STR-NOT #70024
AND #87017
OR-STR
OUT #40067
STR-NOT #70017
OR #70017
OUT #70017
STR-NOT #70016
OUT #70016
STR #70016
STR #70015
CNT M479,250
OUT #70015
STR #50054
AND #50070
AND-NOT #50064
STR #50053
AND #51537
OR-STR
AND-NOT #70040
AND-NOT #70020
OUT #70070
STR #70070
AND #50053
OUT #70094
STR #70050
AND #50070
AND-NOT #50064
AND #50054
AND-NOT #70041
OUT #70080
STR #70054
AND #50070
AND-NOT #50064
AND #50054
AND-NOT #70041
OUT #70081
STR #70060
AND #50070
AND-NOT #50064
AND #50054
AND-NOT #70041
OUT #70082
STR #70064
AND #50070
AND-NOT #50064
AND #50054
AND-NOT #70041
OUT #70083
STR #70050
AND #50053
OUT #70090
STR #70054
AND #50053
OUT #70091
STR #70064
AND #50053
OUT #70093
STR #70041
OUT #41137
STR #70080
OR #70081
OR #70082
OR #70083
OUT #40010
STR #70081
STR #70083
AND-NOT #70082
OR-STR
AND-NOT #70080
OUT #40210
STR #70082
OR #70083
AND-NOT #70080
AND-NOT #70081
OUT #40211
STR #70090
OR #70091
OR #70093
OR #70094
OUT #40011
STR #70091
AND-NOT #70090
STR #70094
AND-NOT #70093
OR-STR
OUT #40230
STR #70093
OR #70094
AND-NOT #70090
AND-NOT #70091
OUT #40231
PART 2
STR #75464
STR #20510
OR #13583
OR #50064
AND-STR
OUT #70010
STR #75462
TMR M091,40
OUT #40045
STR #50064
OR #75466
OR #75467
STR #80013
AND #75471
OR-STR
OUT #40046
STR #75470
OUT #40016
STR-NOT #75471
AND #80012
OUT #40065
STR #75463
OUT #70024
STR #75460
OUT #40070
STR #75465
AND-NOT #50011
OUT #40014
STR #70017
BMOV #20030,3,#00010
STR-NOT #79700
AND-NOT #79701
AND-NOT #79702
AND-NOT #79703
AND-NOT #79704
AND-NOT #79705
AND-NOT #79706
AND-NOT #79707
OUT #79800
STR #20127
OR #20125
TMR M090,100
OUT #79736
STR #79707
ADD 0,7,M500
STR #79706
ADD 0,6,M500
STR #78004
AND #50070
OUT #79705
STR #79705
ADD 0,5,M500
STR #78013
OR #78023
OUT #79704
STR #79704
ADD 0,4,M500
STR #78012
OUT #79703
STR #79703
ADD 0,3,M500
STR #78011
OUT #79702
STR #79702
ADD 0,2,M500
STR #78007
AND #75500
STR #78017
AND #71600
OR-STR
OUT #79701
STR #79701
ADD 0,1,M500
STR #70017
MOV M500,W#79780
STR #79800
ADD 0,8,M500
STR #70017
BMOV #20060,507,#00040
STR #70017
BMOV #10010,10,#30030
STR-NOT #30210
AND-NOT #30211
AND-NOT #30212
AND-NOT #30213
AND-NOT #30214
AND-NOT #30215
AND-NOT #30216
AND-NOT #30217
OUT #78000
STR-NOT #78000
AND #51537
OUT #30130
STR #10111
AND #75761
OUT #30131
STR #20130
AND #10112
AND #51537
OUT #30132
STR #10113
AND #51537
OUT #30133
STR #10114
AND #51537
OUT #30134
STR #10115
AND #51537
OUT #30135
STR #10116
AND #75761
OUT #30136
STR #10117
AND #75761
OUT #30137
STR-NOT #50064
AND #51537
OUT #30140
STR #10121
AND #75761
OUT #30141
STR #10122
AND #75761
OUT #30142
STR #10123
AND #75761
OUT #30143
STR #10124
AND #75761
OUT #30144
STR #10125
AND #75761
OUT #30145
STR #10126
AND #75761
OUT #30146
STR #10127
AND #75761
OUT #30147
STR #10130
OUT #30150
STR #10131
OUT #30151
STR #10132
OUT #30152
STR #00460
OUT #30153
STR #10134
OUT #30154
STR #10135
OUT #30155
STR #10136
OUT #30156
STR #10137
OUT #30157
STR #70017
BMOV #10140,31,#30160
STR #30434
OUT #71030
STR #20430
OUT #71500
STR #10490
OR #51537
OUT #30510
STR #10492
OUT #30512
STR #70017
BMOV #10680,8,#30700
END
//ALARM1
ERR OF WELD TIMER COOLING WATER
ERROR OF GUN COOLING WATER
ERROR IN TRANSTHERMO OF GUN
AIR PRESSURE LOWERED




























































































































//ALARM2
































































































































//MESSAGE1
ERR OF WELD TIMER COOLING WATER
ERROR OF GUN COOLING WATER
AIR PRESSURE LOWERING
AVAILABLE TO MANUAL SPOT WELDING




























































































































//MESSAGE2
































































































































